<rdf:RDF
        xmlns:crm="http://www.cidoc-crm.org/cidoc-crm/"
        xmlns:rdf="http://www.w3.org/1999/02/22-rdf-syntax-ns#"
        xmlns:rdfs="http://www.w3.org/2000/01/rdf-schema#">
  <crm:E22_Man-Made_Object rdf:about="urn:uuid:e3bca80b-f2e7-4dd7-a7ca-ed27f29ebb99">
    <crm:P108i_was_produced_by>
      <crm:E12_Production rdf:about="urn:uuid:83c55862-fb57-4431-aeb8-3e0b92621af9">
        <crm:P17_was_motivated_by>
          <crm:E7_Activity rdf:about="urn:uuid:9cf62843-1d96-45c0-ad33-2b636e9f038d">
            <crm:P14_carried_out_by>
              <crm:E39_Actor rdf:about="urn:uuid:2b34e8cf-1516-4bbd-820a-5bcc11c8006c">
                <rdfs:label xml:lang="de">CAESAR (46 - 45 v. Chr.)</rdfs:label>
              </crm:E39_Actor>
            </crm:P14_carried_out_by>
            <crm:P14_carried_out_by>
              <crm:E39_Actor rdf:about="urn:uuid:5b9ae6f5-ede2-4e60-ba37-3e1604e058b9">
                <rdfs:label xml:lang="de">CN.DOMI, Q. CVRTI, M. SILA</rdfs:label>
              </crm:E39_Actor>
            </crm:P14_carried_out_by>
            <crm:P14_carried_out_by>
              <crm:E39_Actor rdf:about="urn:uuid:51d215d6-259f-44a0-a950-c220150eaf07">
                <rdfs:label xml:lang="de">Boier</rdfs:label>
              </crm:E39_Actor>
            </crm:P14_carried_out_by>
            <crm:P2_has_type>
              <crm:E55_Type rdf:about="http://www.oeaw.ac.at/activities/Issuing">
                <rdfs:label xml:lang="en">Issuing</rdfs:label>
              </crm:E55_Type>
            </crm:P2_has_type>
            <rdfs:label>motivation activity</rdfs:label>
          </crm:E7_Activity>
        </crm:P17_was_motivated_by>
        <rdfs:label>production</rdfs:label>
      </crm:E12_Production>
    </crm:P108i_was_produced_by>
    <crm:P1_is_identified_by>
      <crm:E41_Appellation rdf:about="urn:uuid:f6bc3ca8-83cd-4159-a720-5e4542c2ad50">
        <rdfs:label>626</rdfs:label>
      </crm:E41_Appellation>
    </crm:P1_is_identified_by>
  </crm:E22_Man-Made_Object>
  <crm:E22_Man-Made_Object rdf:about="urn:uuid:f052bf50-7973-4c69-a3ae-eed138649907">
    <crm:P108i_was_produced_by>
      <crm:E12_Production rdf:about="urn:uuid:508687fd-df49-45b6-9c94-9946ebce6c4c">
        <crm:P17_was_motivated_by>
          <crm:E7_Activity rdf:about="urn:uuid:13343629-4572-4200-a511-f2bb950352aa">
            <crm:P14_carried_out_by>
              <crm:E39_Actor rdf:about="urn:uuid:f1c8cb9f-8adb-4e78-88f3-9fdc7218f2ee">
                <rdfs:label xml:lang="de">CAESAR (46 - 45 v. Chr.)</rdfs:label>
              </crm:E39_Actor>
            </crm:P14_carried_out_by>
            <crm:P14_carried_out_by>
              <crm:E39_Actor rdf:about="urn:uuid:a7591756-7af9-4b52-86a2-ccc39184f189">
                <rdfs:label xml:lang="de">CN.DOMI, Q. CVRTI, M. SILA</rdfs:label>
              </crm:E39_Actor>
            </crm:P14_carried_out_by>
            <crm:P14_carried_out_by>
              <crm:E39_Actor rdf:about="urn:uuid:9f66e912-2ff3-4392-9585-9da971182edf">
                <rdfs:label xml:lang="de">Boier</rdfs:label>
              </crm:E39_Actor>
            </crm:P14_carried_out_by>
            <crm:P2_has_type rdf:resource="http://www.oeaw.ac.at/activities/Issuing"/>
            <rdfs:label>motivation activity</rdfs:label>
          </crm:E7_Activity>
        </crm:P17_was_motivated_by>
        <rdfs:label>production</rdfs:label>
      </crm:E12_Production>
    </crm:P108i_was_produced_by>
    <crm:P1_is_identified_by>
      <crm:E41_Appellation rdf:about="urn:uuid:a0ad3e81-1e51-45cf-b8ea-4df3942598cf">
        <rdfs:label>628</rdfs:label>
      </crm:E41_Appellation>
    </crm:P1_is_identified_by>
  </crm:E22_Man-Made_Object>
  <crm:E22_Man-Made_Object rdf:about="urn:uuid:988541b2-1419-4d8e-bdfe-e274cc2c7669">
    <crm:P108i_was_produced_by>
      <crm:E12_Production rdf:about="urn:uuid:9d74854c-9f58-46b9-a9fd-82159c4c5686">
        <crm:P17_was_motivated_by>
          <crm:E7_Activity rdf:about="urn:uuid:e35a0108-1ae3-43a2-9835-07c39218ee18">
            <crm:P14_carried_out_by>
              <crm:E39_Actor rdf:about="urn:uuid:08bd63d3-963f-442c-9345-d9874ae7c0d9">
                <rdfs:label xml:lang="de">CAESAR (46 - 45 v. Chr.)</rdfs:label>
              </crm:E39_Actor>
            </crm:P14_carried_out_by>
            <crm:P14_carried_out_by>
              <crm:E39_Actor rdf:about="urn:uuid:e522ebee-ea5c-45d6-bcc8-2b1a56295bba">
                <rdfs:label xml:lang="de">CN.DOMI, Q. CVRTI, M. SILA</rdfs:label>
              </crm:E39_Actor>
            </crm:P14_carried_out_by>
            <crm:P14_carried_out_by>
              <crm:E39_Actor rdf:about="urn:uuid:0bfcc2e2-d901-44a8-8c73-bd4ce95db7eb">
                <rdfs:label xml:lang="de">Boier</rdfs:label>
              </crm:E39_Actor>
            </crm:P14_carried_out_by>
            <crm:P2_has_type rdf:resource="http://www.oeaw.ac.at/activities/Issuing"/>
            <rdfs:label>motivation activity</rdfs:label>
          </crm:E7_Activity>
        </crm:P17_was_motivated_by>
        <rdfs:label>production</rdfs:label>
      </crm:E12_Production>
    </crm:P108i_was_produced_by>
    <crm:P1_is_identified_by>
      <crm:E41_Appellation rdf:about="urn:uuid:6e60f592-51fc-4376-8175-b5a9830d4b47">
        <rdfs:label>627</rdfs:label>
      </crm:E41_Appellation>
    </crm:P1_is_identified_by>
  </crm:E22_Man-Made_Object>
</rdf:RDF>
