<rdf:RDF
        xmlns:crm="http://www.cidoc-crm.org/cidoc-crm/"
        xmlns:rdf="http://www.w3.org/1999/02/22-rdf-syntax-ns#"
        xmlns:rdfs="http://www.w3.org/2000/01/rdf-schema#">
  <crm:E22_Man-Made_Object rdf:about="uuid:A">
    <crm:P108i_was_produced_by>
      <crm:E12_Production rdf:about="uuid:E">
        <crm:P17_was_motivated_by>
          <crm:E7_Activity rdf:about="uuid:F">
            <crm:P14_carried_out_by>
              <crm:E39_Actor rdf:about="uuid:I">
                <rdfs:label xml:lang="de">CAESAR (46 - 45 v. Chr.)</rdfs:label>
              </crm:E39_Actor>
            </crm:P14_carried_out_by>
            <crm:P14_carried_out_by>
              <crm:E39_Actor rdf:about="uuid:H">
                <rdfs:label xml:lang="de">CN.DOMI, Q. CVRTI, M. SILA</rdfs:label>
              </crm:E39_Actor>
            </crm:P14_carried_out_by>
            <crm:P14_carried_out_by>
              <crm:E39_Actor rdf:about="uuid:G">
                <rdfs:label xml:lang="de">Boier</rdfs:label>
              </crm:E39_Actor>
            </crm:P14_carried_out_by>
            <crm:P2_has_type>
              <crm:E55_Type rdf:about="http://www.oeaw.ac.at/activities/Issuing">
                <rdfs:label xml:lang="en">Issuing</rdfs:label>
              </crm:E55_Type>
            </crm:P2_has_type>
            <rdfs:label>motivation activity</rdfs:label>
          </crm:E7_Activity>
        </crm:P17_was_motivated_by>
        <rdfs:label>production</rdfs:label>
      </crm:E12_Production>
    </crm:P108i_was_produced_by>
    <crm:P1_is_identified_by>
      <crm:E41_Appellation rdf:about="uuid:D">
        <rdfs:label>626</rdfs:label>
      </crm:E41_Appellation>
    </crm:P1_is_identified_by>
  </crm:E22_Man-Made_Object>
  <crm:E22_Man-Made_Object rdf:about="uuid:B">
    <crm:P108i_was_produced_by>
      <crm:E12_Production rdf:about="uuid:K">
        <crm:P17_was_motivated_by>
          <crm:E7_Activity rdf:about="uuid:L">
            <crm:P14_carried_out_by>
              <crm:E39_Actor rdf:about="uuid:O">
                <rdfs:label xml:lang="de">CAESAR (46 - 45 v. Chr.)</rdfs:label>
              </crm:E39_Actor>
            </crm:P14_carried_out_by>
            <crm:P14_carried_out_by>
              <crm:E39_Actor rdf:about="uuid:N">
                <rdfs:label xml:lang="de">CN.DOMI, Q. CVRTI, M. SILA</rdfs:label>
              </crm:E39_Actor>
            </crm:P14_carried_out_by>
            <crm:P14_carried_out_by>
              <crm:E39_Actor rdf:about="uuid:M">
                <rdfs:label xml:lang="de">Boier</rdfs:label>
              </crm:E39_Actor>
            </crm:P14_carried_out_by>
            <crm:P2_has_type rdf:resource="http://www.oeaw.ac.at/activities/Issuing"/>
            <rdfs:label>motivation activity</rdfs:label>
          </crm:E7_Activity>
        </crm:P17_was_motivated_by>
        <rdfs:label>production</rdfs:label>
      </crm:E12_Production>
    </crm:P108i_was_produced_by>
    <crm:P1_is_identified_by>
      <crm:E41_Appellation rdf:about="uuid:J">
        <rdfs:label>627</rdfs:label>
      </crm:E41_Appellation>
    </crm:P1_is_identified_by>
  </crm:E22_Man-Made_Object>
  <crm:E22_Man-Made_Object rdf:about="uuid:C">
    <crm:P108i_was_produced_by>
      <crm:E12_Production rdf:about="uuid:Q">
        <crm:P17_was_motivated_by>
          <crm:E7_Activity rdf:about="uuid:R">
            <crm:P14_carried_out_by>
              <crm:E39_Actor rdf:about="uuid:U">
                <rdfs:label xml:lang="de">CAESAR (46 - 45 v. Chr.)</rdfs:label>
              </crm:E39_Actor>
            </crm:P14_carried_out_by>
            <crm:P14_carried_out_by>
              <crm:E39_Actor rdf:about="uuid:T">
                <rdfs:label xml:lang="de">CN.DOMI, Q. CVRTI, M. SILA</rdfs:label>
              </crm:E39_Actor>
            </crm:P14_carried_out_by>
            <crm:P14_carried_out_by>
              <crm:E39_Actor rdf:about="uuid:S">
                <rdfs:label xml:lang="de">Boier</rdfs:label>
              </crm:E39_Actor>
            </crm:P14_carried_out_by>
            <crm:P2_has_type rdf:resource="http://www.oeaw.ac.at/activities/Issuing"/>
            <rdfs:label>motivation activity</rdfs:label>
          </crm:E7_Activity>
        </crm:P17_was_motivated_by>
        <rdfs:label>production</rdfs:label>
      </crm:E12_Production>
    </crm:P108i_was_produced_by>
    <crm:P1_is_identified_by>
      <crm:E41_Appellation rdf:about="uuid:P">
        <rdfs:label>628</rdfs:label>
      </crm:E41_Appellation>
    </crm:P1_is_identified_by>
  </crm:E22_Man-Made_Object>
</rdf:RDF>
